PID 1603 received SIGSEGV for address: 0xa940421110fe0010
0   segfault-handler.node               0x000000010b9e48fc _ZL16segfault_handleriP9__siginfoPv + 296
1   libsystem_platform.dylib            0x000000018828ade4 _sigtramp + 56
2   libsteam_api.dylib                  0x000000010ba31cc0 SteamAPI_SetTryCatchCallbacks + 448
3   libsteam_api.dylib                  0x000000010ba31b94 SteamAPI_SetTryCatchCallbacks + 148
4   libsteam_api.dylib                  0x000000010ba31f20 SteamAPI_SetTryCatchCallbacks + 1056
5   libsteam_api.dylib                  0x000000010ba34a2c SteamAPI_IsSteamRunning + 656
6   libsteam_api.dylib                  0x000000010ba34aa8 SteamAPI_RunCallbacks + 88
7   ffi-rs.darwin-arm64.node            0x000000010bae004c napi_register_module_v1 + 212680
8   ffi-rs.darwin-arm64.node            0x000000010badf620 napi_register_module_v1 + 210076
9   ffi-rs.darwin-arm64.node            0x000000010ba8f890 ffi-rs.darwin-arm64.node + 112784
10  node                                0x0000000104e1bdbc _ZN6v8impl12_GLOBAL__N_123FunctionCallbackWrapper6InvokeERKN2v820FunctionCallbackInfoINS2_5ValueEEE + 80
11  node                                0x0000000105c8a978 Builtins_CallApiCallbackGeneric + 152
12  ???                                 0x000000010bd19b94 0x0 + 4493253524
13  ???                                 0x000000010bd19d78 0x0 + 4493254008
14  node                                0x0000000105c88838 Builtins_InterpreterEntryTrampoline + 280
15  node                                0x0000000105cc5e20 Builtins_AsyncFunctionAwaitResolveClosure + 64
16  node                                0x0000000105d93298 Builtins_PromiseFulfillReactionJob + 56
17  node                                0x0000000105cb5214 Builtins_RunMicrotasks + 564
18  node                                0x0000000105c863f0 Builtins_JSRunMicrotasksEntry + 176
19  node                                0x00000001051bdd84 _ZN2v88internal12_GLOBAL__N_16InvokeEPNS0_7IsolateERKNS1_12InvokeParamsE + 1584
20  node                                0x00000001051be624 _ZN2v88internal12_GLOBAL__N_118InvokeWithTryCatchEPNS0_7IsolateERKNS1_12InvokeParamsE + 88
21  node                                0x00000001051be75c _ZN2v88internal9Execution16TryRunMicrotasksEPNS0_7IsolateEPNS0_14MicrotaskQueueE + 60
22  node                                0x00000001051ed180 _ZN2v88internal14MicrotaskQueue13RunMicrotasksEPNS0_7IsolateE + 356
23  node                                0x00000001051eda24 _ZN2v88internal14MicrotaskQueue17PerformCheckpointEPNS_7IsolateE + 132
24  node                                0x0000000104d719a8 _ZN4node21InternalCallbackScope5CloseEv + 336
25  node                                0x0000000104d71474 _ZN4node21InternalCallbackScopeD1Ev + 20
26  node                                0x0000000104dffd68 _ZN4node11Environment9RunTimersEP10uv_timer_s + 784
27  node                                0x0000000105c640a8 uv__run_timers + 116
28  node                                0x0000000105c67ad0 uv_run + 1304
29  node                                0x0000000104d72508 _ZN4node21SpinEventLoopInternalEPNS_11EnvironmentE + 256
30  node                                0x0000000104eb659c _ZN4node16NodeMainInstance3RunEv + 276
31  node                                0x0000000104e2abf0 _ZN4node5StartEiPPc + 600
